<?xml version="1.0" encoding="UTF-8"?>
<!-- Generated by org.testng.reporters.JUnitReportReporter -->
<testsuite skipped="0" hostname="DELL-PC" name="login" tests="1" failures="0" timestamp="2020-10-04T10:36:50 IST" time="22.959" errors="0">
  <testcase name="LoginPanel" time="22.959" classname="login"/>
  <system-out/>
</testsuite> <!-- login -->
